[debug] [2024-07-06T11:59:37.439Z] ----------------------------------------------------------------------
[debug] [2024-07-06T11:59:37.441Z] Command:       C:\Program Files\nodejs\node.exe C:\Users\DELL\AppData\Roaming\npm\node_modules\firebase-tools\lib\bin\firebase.js init
[debug] [2024-07-06T11:59:37.441Z] CLI Version:   13.13.0
[debug] [2024-07-06T11:59:37.441Z] Platform:      win32
[debug] [2024-07-06T11:59:37.441Z] Node Version:  v20.10.0
[debug] [2024-07-06T11:59:37.442Z] Time:          Sat Jul 06 2024 17:29:37 GMT+0530 (India Standard Time)
[debug] [2024-07-06T11:59:37.442Z] ----------------------------------------------------------------------
[debug] 
[debug] [2024-07-06T11:59:37.448Z] > command requires scopes: ["email","openid","https://www.googleapis.com/auth/cloudplatformprojects.readonly","https://www.googleapis.com/auth/firebase","https://www.googleapis.com/auth/cloud-platform"]
[debug] [2024-07-06T11:59:37.449Z] > authorizing via signed-in user (abhianvbhatia143@gmail.com)
[info] 
     ######## #### ########  ######## ########     ###     ######  ########
     ##        ##  ##     ## ##       ##     ##  ##   ##  ##       ##
     ######    ##  ########  ######   ########  #########  ######  ######
     ##        ##  ##    ##  ##       ##     ## ##     ##       ## ##
     ##       #### ##     ## ######## ########  ##     ##  ######  ########

You're about to initialize a Firebase project in this directory:

  C:\Users\DELL\Desktop\netflix

[info] 
=== Project Setup
[info] 
[info] First, let's associate this project directory with a Firebase project.
[info] You can create multiple project aliases by running firebase use --add, 
[info] but for now we'll just set up a default project.
[info] 
[debug] [2024-07-06T12:00:41.754Z] >>> [apiv2][query] GET https://firebase.googleapis.com/v1beta1/projects pageSize=100
[debug] [2024-07-06T12:00:42.456Z] <<< [apiv2][status] GET https://firebase.googleapis.com/v1beta1/projects 200
[debug] [2024-07-06T12:00:42.456Z] <<< [apiv2][body] GET https://firebase.googleapis.com/v1beta1/projects [omitted]
[info] i  Using project netflix-react-44849 (Netflix-react) 
[info] 
=== Firestore Setup
[debug] [2024-07-06T12:00:42.672Z] >>> [apiv2][query] GET https://serviceusage.googleapis.com/v1/projects/netflix-react-44849/services/firestore.googleapis.com [none]
[debug] [2024-07-06T12:00:42.672Z] >>> [apiv2][(partial)header] GET https://serviceusage.googleapis.com/v1/projects/netflix-react-44849/services/firestore.googleapis.com x-goog-quota-user=projects/netflix-react-44849
[debug] [2024-07-06T12:00:44.755Z] <<< [apiv2][status] GET https://serviceusage.googleapis.com/v1/projects/netflix-react-44849/services/firestore.googleapis.com 200
[debug] [2024-07-06T12:00:44.755Z] <<< [apiv2][body] GET https://serviceusage.googleapis.com/v1/projects/netflix-react-44849/services/firestore.googleapis.com [omitted]
[debug] [2024-07-06T12:00:44.755Z] >>> [apiv2][query] GET https://firestore.googleapis.com/v1/projects/netflix-react-44849/databases/(default) [none]
[debug] [2024-07-06T12:00:46.595Z] <<< [apiv2][status] GET https://firestore.googleapis.com/v1/projects/netflix-react-44849/databases/(default) 200
[debug] [2024-07-06T12:00:46.595Z] <<< [apiv2][body] GET https://firestore.googleapis.com/v1/projects/netflix-react-44849/databases/(default) {"name":"projects/netflix-react-44849/databases/(default)","uid":"5463f278-64de-4842-bbca-488c28f07a28","createTime":"2024-07-06T10:21:49.331792Z","updateTime":"2024-07-06T10:21:49.331792Z","locationId":"nam5","type":"FIRESTORE_NATIVE","concurrencyMode":"PESSIMISTIC","versionRetentionPeriod":"3600s","earliestVersionTime":"2024-07-06T11:00:45.921660Z","appEngineIntegrationMode":"DISABLED","keyPrefix":"s","pointInTimeRecoveryEnablement":"POINT_IN_TIME_RECOVERY_DISABLED","deleteProtectionState":"DELETE_PROTECTION_DISABLED","etag":"IIbG8vCukocDMPOh3dmbkocD"}
[debug] [2024-07-06T12:00:46.595Z] database_type: FIRESTORE_NATIVE
[debug] [2024-07-06T12:00:46.595Z] > command requires scopes: ["email","openid","https://www.googleapis.com/auth/cloudplatformprojects.readonly","https://www.googleapis.com/auth/firebase","https://www.googleapis.com/auth/cloud-platform"]
[debug] [2024-07-06T12:00:46.595Z] > authorizing via signed-in user (abhianvbhatia143@gmail.com)
[debug] [2024-07-06T12:00:46.595Z] [iam] checking project netflix-react-44849 for permissions ["firebase.projects.get"]
[debug] [2024-07-06T12:00:46.596Z] >>> [apiv2][query] POST https://cloudresourcemanager.googleapis.com/v1/projects/netflix-react-44849:testIamPermissions [none]
[debug] [2024-07-06T12:00:46.596Z] >>> [apiv2][(partial)header] POST https://cloudresourcemanager.googleapis.com/v1/projects/netflix-react-44849:testIamPermissions x-goog-quota-user=projects/netflix-react-44849
[debug] [2024-07-06T12:00:46.596Z] >>> [apiv2][body] POST https://cloudresourcemanager.googleapis.com/v1/projects/netflix-react-44849:testIamPermissions {"permissions":["firebase.projects.get"]}
[debug] [2024-07-06T12:00:48.311Z] <<< [apiv2][status] POST https://cloudresourcemanager.googleapis.com/v1/projects/netflix-react-44849:testIamPermissions 200
[debug] [2024-07-06T12:00:48.311Z] <<< [apiv2][body] POST https://cloudresourcemanager.googleapis.com/v1/projects/netflix-react-44849:testIamPermissions {"permissions":["firebase.projects.get"]}
[info] 
[info] Firestore Security Rules allow you to define how and when to allow
[info] requests. You can keep these rules in your project directory
[info] and publish them with firebase deploy.
[info] 
[debug] [2024-07-06T12:01:13.977Z] >>> [apiv2][query] GET https://firebaserules.googleapis.com/v1/projects/netflix-react-44849/releases pageSize=10&pageToken=
[debug] [2024-07-06T12:01:15.552Z] <<< [apiv2][status] GET https://firebaserules.googleapis.com/v1/projects/netflix-react-44849/releases 200
[debug] [2024-07-06T12:01:15.553Z] <<< [apiv2][body] GET https://firebaserules.googleapis.com/v1/projects/netflix-react-44849/releases {"releases":[{"name":"projects/netflix-react-44849/releases/cloud.firestore","rulesetName":"projects/netflix-react-44849/rulesets/b7f3a594-7778-498b-bc5e-8e7856a2d2a6","createTime":"2024-07-06T10:21:58.717191Z","updateTime":"2024-07-06T10:21:58.717191Z"}]}
[debug] [2024-07-06T12:01:15.553Z] Found ruleset: projects/netflix-react-44849/rulesets/b7f3a594-7778-498b-bc5e-8e7856a2d2a6
[debug] [2024-07-06T12:01:15.554Z] >>> [apiv2][query] GET https://firebaserules.googleapis.com/v1/projects/netflix-react-44849/rulesets/b7f3a594-7778-498b-bc5e-8e7856a2d2a6 [none]
[debug] [2024-07-06T12:01:16.094Z] <<< [apiv2][status] GET https://firebaserules.googleapis.com/v1/projects/netflix-react-44849/rulesets/b7f3a594-7778-498b-bc5e-8e7856a2d2a6 200
[debug] [2024-07-06T12:01:16.095Z] <<< [apiv2][body] GET https://firebaserules.googleapis.com/v1/projects/netflix-react-44849/rulesets/b7f3a594-7778-498b-bc5e-8e7856a2d2a6 [omitted]
[info] 
[info] Firestore indexes allow you to perform complex queries while
[info] maintaining performance that scales with the size of the result
[info] set. You can keep index definitions in your project directory
[info] and publish them with firebase deploy.
[info] 
[debug] [2024-07-06T12:01:16.106Z] >>> [apiv2][query] GET https://firestore.googleapis.com/v1/projects/netflix-react-44849/databases/(default)/collectionGroups/-/indexes [none]
[debug] [2024-07-06T12:01:16.108Z] >>> [apiv2][query] GET https://firestore.googleapis.com/v1/projects/netflix-react-44849/databases/(default)/collectionGroups/-/fields?filter=indexConfig.usesAncestorConfig=false OR ttlConfig:* [none]
[debug] [2024-07-06T12:01:17.809Z] <<< [apiv2][status] GET https://firestore.googleapis.com/v1/projects/netflix-react-44849/databases/(default)/collectionGroups/-/fields?filter=indexConfig.usesAncestorConfig=false OR ttlConfig:* 200
[debug] [2024-07-06T12:01:17.809Z] <<< [apiv2][body] GET https://firestore.googleapis.com/v1/projects/netflix-react-44849/databases/(default)/collectionGroups/-/fields?filter=indexConfig.usesAncestorConfig=false OR ttlConfig:* {"fields":[{"name":"projects/netflix-react-44849/databases/(default)/collectionGroups/__default__/fields/*","indexConfig":{"indexes":[{"queryScope":"COLLECTION","fields":[{"fieldPath":"*","order":"ASCENDING"}],"state":"READY"},{"queryScope":"COLLECTION","fields":[{"fieldPath":"*","order":"DESCENDING"}],"state":"READY"},{"queryScope":"COLLECTION","fields":[{"fieldPath":"*","arrayConfig":"CONTAINS"}],"state":"READY"}]}}]}
[debug] [2024-07-06T12:01:17.858Z] <<< [apiv2][status] GET https://firestore.googleapis.com/v1/projects/netflix-react-44849/databases/(default)/collectionGroups/-/indexes 200
[debug] [2024-07-06T12:01:17.858Z] <<< [apiv2][body] GET https://firestore.googleapis.com/v1/projects/netflix-react-44849/databases/(default)/collectionGroups/-/indexes {}
[info] 
=== Hosting Setup
[debug] [2024-07-06T12:01:17.860Z] >>> [apiv2][query] GET https://firebase.googleapis.com/v1beta1/projects/netflix-react-44849 [none]
[debug] [2024-07-06T12:01:18.529Z] <<< [apiv2][status] GET https://firebase.googleapis.com/v1beta1/projects/netflix-react-44849 200
[debug] [2024-07-06T12:01:18.530Z] <<< [apiv2][body] GET https://firebase.googleapis.com/v1beta1/projects/netflix-react-44849 {"projectId":"netflix-react-44849","projectNumber":"545808660211","displayName":"Netflix-react","name":"projects/netflix-react-44849","resources":{"hostingSite":"netflix-react-44849"},"state":"ACTIVE","etag":"1_5b079150-04ff-4e96-b955-ac03eaf14dcb"}
[info] 
[info] Your public directory is the folder (relative to your project directory) that
[info] will contain Hosting assets to be uploaded with firebase deploy. If you
[info] have a build process for your assets, use your build's output directory.
[info] 
[info] +  Wrote public/404.html 
[debug] [2024-07-06T12:01:25.643Z] >>> [apiv2][query] GET https://www.gstatic.com/firebasejs/releases.json [none]
[debug] [2024-07-06T12:01:25.751Z] <<< [apiv2][status] GET https://www.gstatic.com/firebasejs/releases.json 200
[debug] [2024-07-06T12:01:25.751Z] <<< [apiv2][body] GET https://www.gstatic.com/firebasejs/releases.json {"current":{"version":"10.12.3","browserURL":"https://www.gstatic.com/firebasejs/10.12.3/firebase.js","packageURL":"https://www.gstatic.com/firebasejs/10.12.3/firebase.tgz"},"live":{"version":"10.12","browserURL":"https://www.gstatic.com/firebasejs/live/10.12/firebase.js","packageURL":"https://www.gstatic.com/firebasejs/live/10.12/firebase.tgz"},"components":{"analytics":"https://www.gstatic.com/firebasejs/10.12.3/firebase-analytics.js","app":"https://www.gstatic.com/firebasejs/10.12.3/firebase-app.js","app-check":"https://www.gstatic.com/firebasejs/10.12.3/firebase-app-check.js","auth":"https://www.gstatic.com/firebasejs/10.12.3/firebase-auth.js","auth/cordova":"https://www.gstatic.com/firebasejs/10.12.3/firebase-auth/cordova.js","auth/web-extension":"https://www.gstatic.com/firebasejs/10.12.3/firebase-auth/web-extension.js","functions":"https://www.gstatic.com/firebasejs/10.12.3/firebase-functions.js","firestore":"https://www.gstatic.com/firebasejs/10.12.3/firebase-firestore.js","firestore/lite":"https://www.gstatic.com/firebasejs/10.12.3/firebase-firestore/lite.js","installations":"https://www.gstatic.com/firebasejs/10.12.3/firebase-installations.js","storage":"https://www.gstatic.com/firebasejs/10.12.3/firebase-storage.js","performance":"https://www.gstatic.com/firebasejs/10.12.3/firebase-performance.js","remote-config":"https://www.gstatic.com/firebasejs/10.12.3/firebase-remote-config.js","messaging":"https://www.gstatic.com/firebasejs/10.12.3/firebase-messaging.js","messaging/sw":"https://www.gstatic.com/firebasejs/10.12.3/firebase-messaging/sw.js","database":"https://www.gstatic.com/firebasejs/10.12.3/firebase-database.js","vertexai-preview":"https://www.gstatic.com/firebasejs/10.12.3/firebase-vertexai-preview.js","firestore.memory":"https://www.gstatic.com/firebasejs/10.12.3/firebase-firestore.memory.js"}}
[info] i  Skipping write of public/index.html 
[info] 
[info] i  Detected a .git folder at C:\Users\DELL\Desktop\netflix 
[info] i  Authorizing with GitHub to upload your service account to a GitHub repository's secrets store. 
[info] 
[info] Visit this URL on this device to log in:
[info] https://github.com/login/oauth/authorize?client_id=89cf50f02ac6aaed3484&state=497181430&redirect_uri=http%3A%2F%2Flocalhost%3A9005&scope=read%3Auser%20repo%20public_repo
[info] 
[info] Waiting for authentication...
